<?xml version="1.0" encoding="UTF-8"?>
<testng-results ignored="0" total="1" passed="1" failed="0" skipped="0">
  <reporter-output>
  </reporter-output>
  <suite started-at="2024-02-10T18:37:12 IST" name="Surefire suite" finished-at="2024-02-10T18:37:23 IST" duration-ms="10842">
    <groups>
    </groups>
    <test started-at="2024-02-10T18:37:12 IST" name="Surefire test" finished-at="2024-02-10T18:37:23 IST" duration-ms="10842">
      <class name="tests.TestLogin">
        <test-method is-config="true" signature="setup()[pri:0, instance:tests.TestLogin@2805c96b]" started-at="2024-02-10T18:37:12 IST" name="setup" finished-at="2024-02-10T18:37:21 IST" duration-ms="9156" status="PASS">
          <reporter-output>
          </reporter-output>
        </test-method> <!-- setup -->
        <test-method signature="testLogin()[pri:0, instance:tests.TestLogin@2805c96b]" started-at="2024-02-10T18:37:21 IST" name="testLogin" finished-at="2024-02-10T18:37:23 IST" duration-ms="1646" status="PASS">
          <reporter-output>
          </reporter-output>
        </test-method> <!-- testLogin -->
      </class> <!-- tests.TestLogin -->
    </test> <!-- Surefire test -->
  </suite> <!-- Surefire suite -->
</testng-results>
