<?xml version="1.0" encoding="UTF-8"?>
<testng-results ignored="0" total="1" passed="1" failed="0" skipped="0">
  <reporter-output>
  </reporter-output>
  <suite started-at="2024-02-09T16:18:28 IST" name="Default suite" finished-at="2024-02-09T16:18:45 IST" duration-ms="17051">
    <groups>
    </groups>
    <test started-at="2024-02-09T16:18:28 IST" name="Default test" finished-at="2024-02-09T16:18:45 IST" duration-ms="17051">
      <class name="tests.TestLogin">
        <test-method is-config="true" signature="setup()[pri:0, instance:tests.TestLogin@242b836]" started-at="2024-02-09T16:18:28 IST" name="setup" finished-at="2024-02-09T16:18:38 IST" duration-ms="9509" status="PASS">
          <reporter-output>
          </reporter-output>
        </test-method> <!-- setup -->
        <test-method signature="testLogin()[pri:0, instance:tests.TestLogin@242b836]" started-at="2024-02-09T16:18:38 IST" name="testLogin" finished-at="2024-02-09T16:18:45 IST" duration-ms="7419" status="PASS">
          <reporter-output>
          </reporter-output>
        </test-method> <!-- testLogin -->
      </class> <!-- tests.TestLogin -->
    </test> <!-- Default test -->
  </suite> <!-- Default suite -->
</testng-results>
